[2017-12-02T20:37:58.230] [WARN] error - GET "/favicon.ico" 404
[2017-12-02T20:38:07.061] [ERROR] error - error
[2017-12-02T20:52:01.726] [ERROR] error - { Error: ENOENT: no such file or directory, open '/Users/guoxuedong/project/yd-task/topic3/views/index/layout.html'
    at Object.fs.openSync (fs.js:646:18)
    at Object.fs.readFileSync (fs.js:551:33)
    at Object.ret.load (/Users/guoxuedong/project/yd-task/topic3/node_modules/_swig-templates@2.0.2@swig-templates/lib/loaders/filesystem.js:55:15)
    at exports.Swig.parseFile (/Users/guoxuedong/project/yd-task/topic3/node_modules/_swig-templates@2.0.2@swig-templates/lib/swig.js:374:31)
    at getParents (/Users/guoxuedong/project/yd-task/topic3/node_modules/_swig-templates@2.0.2@swig-templates/lib/swig.js:443:54)
    at exports.Swig.precompile (/Users/guoxuedong/project/yd-task/topic3/node_modules/_swig-templates@2.0.2@swig-templates/lib/swig.js:487:17)
    at exports.Swig.compile (/Users/guoxuedong/project/yd-task/topic3/node_modules/_swig-templates@2.0.2@swig-templates/lib/swig.js:605:16)
    at /Users/guoxuedong/project/yd-task/topic3/node_modules/_swig-templates@2.0.2@swig-templates/lib/swig.js:683:27
    at FSReqWrap.readFileAfterClose [as oncomplete] (fs.js:511:3)
  errno: -2,
  code: 'ENOENT',
  syscall: 'open',
  path: '/Users/guoxuedong/project/yd-task/topic3/views/index/layout.html' }
[2017-12-03T12:17:52.702] [WARN] error - GET "/favicon.ico" 404
[2017-12-03T18:43:22.751] [ERROR] error - { Error: ENOENT: no such file or directory, open '/Users/guoxuedong/project/yd-task/topic3/views/thumb.html'
  errno: -2,
  code: 'ENOENT',
  syscall: 'open',
  path: '/Users/guoxuedong/project/yd-task/topic3/views/thumb.html' }
[2017-12-03T19:54:15.408] [ERROR] error - { Error: ENOENT: no such file or directory, open '/Users/guoxuedong/project/yd-task/topic3/views/thumb.html'
  errno: -2,
  code: 'ENOENT',
  syscall: 'open',
  path: '/Users/guoxuedong/project/yd-task/topic3/views/thumb.html' }
[2017-12-03T19:59:37.699] [ERROR] error - { Error: ENOENT: no such file or directory, open '/Users/guoxuedong/project/yd-task/topic3/build/views/thumb.html'
  errno: -2,
  code: 'ENOENT',
  syscall: 'open',
  path: '/Users/guoxuedong/project/yd-task/topic3/build/views/thumb.html' }
[2017-12-03T20:00:58.837] [ERROR] error - { Error: ENOENT: no such file or directory, open '/Users/guoxuedong/project/yd-task/topic3/build/views/thumb.html'
  errno: -2,
  code: 'ENOENT',
  syscall: 'open',
  path: '/Users/guoxuedong/project/yd-task/topic3/build/views/thumb.html' }
[2017-12-03T20:39:38.982] [ERROR] error - { Error: ENOENT: no such file or directory, open '/Users/guoxuedong/project/yd-task/topic3/build/views/thumb.html'
  errno: -2,
  code: 'ENOENT',
  syscall: 'open',
  path: '/Users/guoxuedong/project/yd-task/topic3/build/views/thumb.html' }
[2017-12-03T20:40:56.063] [ERROR] error - { Error: ENOENT: no such file or directory, open '/Users/guoxuedong/project/yd-task/topic3/build/views/thumb.html'
  errno: -2,
  code: 'ENOENT',
  syscall: 'open',
  path: '/Users/guoxuedong/project/yd-task/topic3/build/views/thumb.html' }
[2017-12-03T20:42:56.953] [ERROR] error - { Error: ENOENT: no such file or directory, open '/Users/guoxuedong/project/yd-task/topic3/build/views/thumb.html'
  errno: -2,
  code: 'ENOENT',
  syscall: 'open',
  path: '/Users/guoxuedong/project/yd-task/topic3/build/views/thumb.html' }
